Unity Editor version:    2021.2.4f1 (99ba6aa4c552)
Branch:                  2021.2/staging
Build type:              Release
Batch mode:              YES
macOS version:           Version 10.13.6 (Build 17G66)
Darwin version:          17.7.0
Architecture:            x86_64
Running under Rosetta:   NO
Available memory:        4096 MB
Using pre-set license
Pro License: NO

COMMAND LINE ARGUMENTS:
/Applications/Unity/Hub/Editor/2021.2.4f1/Unity.app/Contents/MacOS/Unity
-adb2
-batchMode
-noUpm
-name
AssetImportWorker1
-projectPath
/Users/mariamorejon/Documents/IGP_Final/TapioCat2/TapioCat
-logFile
Logs/AssetImportWorker1.log
-srvPort
50749
Successfully changed project path to: /Users/mariamorejon/Documents/IGP_Final/TapioCat2/TapioCat
/Users/mariamorejon/Documents/IGP_Final/TapioCat2/TapioCat
[UnityMemory] Configuration Parameters - Can be set up in boot.config
    "memorysetup-bucket-allocator-granularity=16"
    "memorysetup-bucket-allocator-bucket-count=8"
    "memorysetup-bucket-allocator-block-size=33554432"
    "memorysetup-bucket-allocator-block-count=8"
    "memorysetup-main-allocator-block-size=16777216"
    "memorysetup-thread-allocator-block-size=16777216"
    "memorysetup-gfx-main-allocator-block-size=16777216"
    "memorysetup-gfx-thread-allocator-block-size=16777216"
    "memorysetup-cache-allocator-block-size=4194304"
    "memorysetup-typetree-allocator-block-size=2097152"
    "memorysetup-profiler-bucket-allocator-granularity=16"
    "memorysetup-profiler-bucket-allocator-bucket-count=8"
    "memorysetup-profiler-bucket-allocator-block-size=33554432"
    "memorysetup-profiler-bucket-allocator-block-count=8"
    "memorysetup-profiler-allocator-block-size=16777216"
    "memorysetup-profiler-editor-allocator-block-size=1048576"
    "memorysetup-temp-allocator-size-main=16777216"
    "memorysetup-job-temp-allocator-block-size=2097152"
    "memorysetup-job-temp-allocator-block-size-background=1048576"
    "memorysetup-job-temp-allocator-reduction-small-platforms=262144"
    "memorysetup-temp-allocator-size-background-worker=32768"
    "memorysetup-temp-allocator-size-job-worker=262144"
    "memorysetup-temp-allocator-size-preload-manager=33554432"
    "memorysetup-temp-allocator-size-nav-mesh-worker=65536"
    "memorysetup-temp-allocator-size-audio-worker=65536"
    "memorysetup-temp-allocator-size-cloud-worker=32768"
    "memorysetup-temp-allocator-size-gi-baking-worker=262144"
    "memorysetup-temp-allocator-size-gfx=262144"
Refreshing native plugins compatible for Editor in 125.02 ms, found 3 plugins.
Preloading 0 native plugins for Editor in 0.00 ms.
Initialize engine version: 2021.2.4f1 (99ba6aa4c552)
[Subsystems] Discovering subsystems at path /Applications/Unity/Hub/Editor/2021.2.4f1/Unity.app/Contents/Resources/UnitySubsystems
[Subsystems] Discovering subsystems at path /Users/mariamorejon/Documents/IGP_Final/TapioCat2/TapioCat/Assets
GfxDevice: creating device client; threaded=0; jobified=0
Renderer: Intel HD Graphics 3000 OpenGL Engine
Vendor:   Intel Inc.
Version:  3.3 INTEL-10.4.14
GLES:     0
 GL_ARB_blend_func_extended GL_ARB_ES2_compatibility GL_ARB_explicit_attrib_location GL_ARB_instanced_arrays GL_ARB_internalformat_query GL_ARB_occlusion_query2 GL_ARB_sampler_objects GL_ARB_separate_shader_objects GL_ARB_shader_bit_encoding GL_ARB_shading_language_include GL_ARB_texture_rgb10_a2ui GL_ARB_texture_storage GL_ARB_texture_swizzle GL_ARB_timer_query GL_ARB_vertex_type_2_10_10_10_rev GL_EXT_debug_label GL_EXT_debug_marker GL_EXT_texture_compression_s3tc GL_EXT_texture_filter_anisotropic GL_EXT_texture_sRGB_decode GL_APPLE_client_storage GL_APPLE_container_object_shareable GL_APPLE_flush_render GL_APPLE_object_purgeable GL_APPLE_rgb_422 GL_APPLE_row_bytes GL_APPLE_texture_range GL_ATI_texture_mirror_once GL_NV_texture_barrier
OPENGL LOG: Creating OpenGL 3.3 graphics device ; Context level  <OpenGL 3.3> ; Context handle 1736882688
Initialize mono
Mono path[0] = '/Applications/Unity/Hub/Editor/2021.2.4f1/Unity.app/Contents/Managed'
Mono path[1] = '/Applications/Unity/Hub/Editor/2021.2.4f1/Unity.app/Contents/MonoBleedingEdge/lib/mono/unityjit-macos'
Mono config path = '/Applications/Unity/Hub/Editor/2021.2.4f1/Unity.app/Contents/MonoBleedingEdge/etc'
Using monoOptions --debugger-agent=transport=dt_socket,embedding=1,server=y,suspend=n,address=127.0.0.1:56608
Begin MonoManager ReloadAssembly
Registering precompiled unity dll's ...
Register platform support module: /Applications/Unity/Hub/Editor/2021.2.4f1/PlaybackEngines/WebGLSupport/UnityEditor.WebGL.Extensions.dll
Register platform support module: /Applications/Unity/Hub/Editor/2021.2.4f1/Unity.app/Contents/PlaybackEngines/MacStandaloneSupport/UnityEditor.OSXStandalone.Extensions.dll
Register platform support module: /Applications/Unity/Hub/Editor/2021.2.4f1/PlaybackEngines/WindowsStandaloneSupport/UnityEditor.WindowsStandalone.Extensions.dll
Registered in 0.006506 seconds.
Native extension for WindowsStandalone target not found
Native extension for OSXStandalone target not found
Native extension for WebGL target not found
Refreshing native plugins compatible for Editor in 93.92 ms, found 3 plugins.
Preloading 0 native plugins for Editor in 0.00 ms.
Mono: successfully reloaded assembly
- Completed reload, in  1.773 seconds
Domain Reload Profiling:
	ReloadAssembly (1775ms)
		BeginReloadAssembly (320ms)
			ExecutionOrderSort (0ms)
			DisableScriptedObjects (0ms)
			BackupInstance (0ms)
			ReleaseScriptingObjects (0ms)
			CreateAndSetChildDomain (2ms)
		EndReloadAssembly (1220ms)
			LoadAssemblies (325ms)
			RebuildTransferFunctionScriptingTraits (0ms)
			SetupTypeCache (344ms)
			ReleaseScriptCaches (0ms)
			RebuildScriptCaches (84ms)
			SetupLoadedEditorAssemblies (651ms)
				LogAssemblyErrors (0ms)
				InitializePlatformSupportModulesInManaged (35ms)
				SetLoadedEditorAssemblies (0ms)
				RefreshPlugins (94ms)
				BeforeProcessingInitializeOnLoad (3ms)
				ProcessInitializeOnLoadAttributes (385ms)
				ProcessInitializeOnLoadMethodAttributes (134ms)
				AfterProcessingInitializeOnLoad (0ms)
				EditorAssembliesLoaded (0ms)
			ExecutionOrderSort2 (0ms)
			AwakeInstancesAfterBackupRestoration (0ms)
Platform modules already initialized, skipping
Registering precompiled user dll's ...
Registered in 0.008593 seconds.
Begin MonoManager ReloadAssembly
Native extension for WindowsStandalone target not found
Native extension for OSXStandalone target not found
Native extension for WebGL target not found
Refreshing native plugins compatible for Editor in 121.39 ms, found 3 plugins.
Preloading 0 native plugins for Editor in 0.00 ms.
Mono: successfully reloaded assembly
- Completed reload, in  5.220 seconds
Domain Reload Profiling:
	ReloadAssembly (5222ms)
		BeginReloadAssembly (425ms)
			ExecutionOrderSort (0ms)
			DisableScriptedObjects (14ms)
			BackupInstance (0ms)
			ReleaseScriptingObjects (0ms)
			CreateAndSetChildDomain (61ms)
		EndReloadAssembly (4495ms)
			LoadAssemblies (212ms)
			RebuildTransferFunctionScriptingTraits (0ms)
			SetupTypeCache (640ms)
			ReleaseScriptCaches (1ms)
			RebuildScriptCaches (157ms)
			SetupLoadedEditorAssemblies (3040ms)
				LogAssemblyErrors (0ms)
				InitializePlatformSupportModulesInManaged (35ms)
				SetLoadedEditorAssemblies (1ms)
				RefreshPlugins (121ms)
				BeforeProcessingInitializeOnLoad (165ms)
				ProcessInitializeOnLoadAttributes (2621ms)
				ProcessInitializeOnLoadMethodAttributes (93ms)
				AfterProcessingInitializeOnLoad (3ms)
				EditorAssembliesLoaded (0ms)
			ExecutionOrderSort2 (0ms)
			AwakeInstancesAfterBackupRestoration (9ms)
Platform modules already initialized, skipping
========================================================================
Worker process is ready to serve import requests
Launching external process: /Applications/Unity/Hub/Editor/2021.2.4f1/Unity.app/Contents/Tools/UnityShaderCompiler
Launched and connected shader compiler UnityShaderCompiler after 0.12 seconds
Refreshing native plugins compatible for Editor in 0.91 ms, found 3 plugins.
Preloading 0 native plugins for Editor in 0.00 ms.
Unloading 2327 Unused Serialized files (Serialized files now loaded: 0)
Unloading 32 unused Assets / (20.3 KB). Loaded Objects now: 2788.
Memory consumption went from 210.6 MB to 210.6 MB.
Total: 7.315305 ms (FindLiveObjects: 0.299262 ms CreateObjectMapping: 0.140081 ms MarkObjects: 6.803559 ms  DeleteObjects: 0.070360 ms)

AssetImportParameters requested are different than current active one (requested -> active):
  custom:video-decoder-ogg-theora: a1e56fd34408186e4bbccfd4996cb3dc -> 
  custom:container-muxer-webm: aa71ff27fc2769a1b78a27578f13a17b -> 
  custom:container-demuxer-webm: 4f35f7cbe854078d1ac9338744f61a02 -> 
  custom:video-encoder-webm-vp8: eb34c28f22e8b96e1ab97ce403110664 -> 
  custom:framework-osx-AVFoundation: b23960f63f64bdc6ff669e2cdcee2391 -> 
  custom:audio-encoder-webm-vorbis: bf7c407c2cedff20999df2af8eb42d56 -> 
  custom:container-demuxer-ogg: 62fdf1f143b41e24485cea50d1cbac27 -> 
  custom:video-decoder-webm-vp8: 9c59270c3fd7afecdb556c50c9e8de78 -> 
  custom:audio-decoder-ogg-vorbis: bf7c407c2cedff20999df2af8eb42d56 -> 
========================================================================
Received Import Request.
  Time since last request: 7390.469059 seconds.
  path: Assets/Scenes/Level1.unity
  artifactKey: Guid(724b57b870794446d94814f3f447fc9d) Importer(815301076,1909f56bfc062723c751e8b465ee728b)
Start importing Assets/Scenes/Level1.unity using Guid(724b57b870794446d94814f3f447fc9d) Importer(815301076,1909f56bfc062723c751e8b465ee728b)  -> (artifact id: 'd5e9d641fe822fec9d07bb31eaa46d6c') in 0.026257 seconds 
========================================================================
Received Prepare
Registering precompiled user dll's ...
Registered in 0.009365 seconds.
Begin MonoManager ReloadAssembly
Native extension for WindowsStandalone target not found
Native extension for OSXStandalone target not found
Native extension for WebGL target not found
Refreshing native plugins compatible for Editor in 1.39 ms, found 3 plugins.
Preloading 0 native plugins for Editor in 0.00 ms.
Mono: successfully reloaded assembly
- Completed reload, in  3.088 seconds
Domain Reload Profiling:
	ReloadAssembly (3090ms)
		BeginReloadAssembly (388ms)
			ExecutionOrderSort (0ms)
			DisableScriptedObjects (19ms)
			BackupInstance (0ms)
			ReleaseScriptingObjects (0ms)
			CreateAndSetChildDomain (131ms)
		EndReloadAssembly (2430ms)
			LoadAssemblies (327ms)
			RebuildTransferFunctionScriptingTraits (0ms)
			SetupTypeCache (643ms)
			ReleaseScriptCaches (2ms)
			RebuildScriptCaches (136ms)
			SetupLoadedEditorAssemblies (1015ms)
				LogAssemblyErrors (1ms)
				InitializePlatformSupportModulesInManaged (32ms)
				SetLoadedEditorAssemblies (2ms)
				RefreshPlugins (2ms)
				BeforeProcessingInitializeOnLoad (153ms)
				ProcessInitializeOnLoadAttributes (747ms)
				ProcessInitializeOnLoadMethodAttributes (76ms)
				AfterProcessingInitializeOnLoad (3ms)
				EditorAssembliesLoaded (0ms)
			ExecutionOrderSort2 (0ms)
			AwakeInstancesAfterBackupRestoration (14ms)
Platform modules already initialized, skipping
Refreshing native plugins compatible for Editor in 1.14 ms, found 3 plugins.
Preloading 0 native plugins for Editor in 0.00 ms.
Unloading 2316 Unused Serialized files (Serialized files now loaded: 0)
Unloading 22 unused Assets / (21.9 KB). Loaded Objects now: 2790.
Memory consumption went from 211.7 MB to 211.7 MB.
Total: 7.147710 ms (FindLiveObjects: 0.290019 ms CreateObjectMapping: 0.142453 ms MarkObjects: 6.677930 ms  DeleteObjects: 0.035030 ms)

AssetImportParameters requested are different than current active one (requested -> active):
  custom:video-decoder-ogg-theora: a1e56fd34408186e4bbccfd4996cb3dc -> 
  custom:container-muxer-webm: aa71ff27fc2769a1b78a27578f13a17b -> 
  custom:container-demuxer-webm: 4f35f7cbe854078d1ac9338744f61a02 -> 
  custom:video-encoder-webm-vp8: eb34c28f22e8b96e1ab97ce403110664 -> 
  custom:framework-osx-AVFoundation: b23960f63f64bdc6ff669e2cdcee2391 -> 
  custom:audio-encoder-webm-vorbis: bf7c407c2cedff20999df2af8eb42d56 -> 
  custom:container-demuxer-ogg: 62fdf1f143b41e24485cea50d1cbac27 -> 
  custom:video-decoder-webm-vp8: 9c59270c3fd7afecdb556c50c9e8de78 -> 
  custom:audio-decoder-ogg-vorbis: bf7c407c2cedff20999df2af8eb42d56 -> 
========================================================================
Received Prepare
Registering precompiled user dll's ...
Registered in 0.006602 seconds.
Begin MonoManager ReloadAssembly
Native extension for WindowsStandalone target not found
Native extension for OSXStandalone target not found
Native extension for WebGL target not found
Refreshing native plugins compatible for Editor in 0.89 ms, found 3 plugins.
Preloading 0 native plugins for Editor in 0.00 ms.
Mono: successfully reloaded assembly
- Completed reload, in  3.175 seconds
Domain Reload Profiling:
	ReloadAssembly (3178ms)
		BeginReloadAssembly (462ms)
			ExecutionOrderSort (0ms)
			DisableScriptedObjects (27ms)
			BackupInstance (0ms)
			ReleaseScriptingObjects (0ms)
			CreateAndSetChildDomain (178ms)
		EndReloadAssembly (2458ms)
			LoadAssemblies (338ms)
			RebuildTransferFunctionScriptingTraits (0ms)
			SetupTypeCache (653ms)
			ReleaseScriptCaches (2ms)
			RebuildScriptCaches (172ms)
			SetupLoadedEditorAssemblies (1033ms)
				LogAssemblyErrors (0ms)
				InitializePlatformSupportModulesInManaged (23ms)
				SetLoadedEditorAssemblies (1ms)
				RefreshPlugins (1ms)
				BeforeProcessingInitializeOnLoad (147ms)
				ProcessInitializeOnLoadAttributes (781ms)
				ProcessInitializeOnLoadMethodAttributes (76ms)
				AfterProcessingInitializeOnLoad (3ms)
				EditorAssembliesLoaded (0ms)
			ExecutionOrderSort2 (0ms)
			AwakeInstancesAfterBackupRestoration (15ms)
Platform modules already initialized, skipping
Refreshing native plugins compatible for Editor in 1.59 ms, found 3 plugins.
Preloading 0 native plugins for Editor in 0.00 ms.
Unloading 2316 Unused Serialized files (Serialized files now loaded: 0)
Unloading 22 unused Assets / (21.9 KB). Loaded Objects now: 2792.
Memory consumption went from 212.1 MB to 212.0 MB.
Total: 6.073388 ms (FindLiveObjects: 0.312063 ms CreateObjectMapping: 0.158191 ms MarkObjects: 5.525485 ms  DeleteObjects: 0.075468 ms)

AssetImportParameters requested are different than current active one (requested -> active):
  custom:video-decoder-ogg-theora: a1e56fd34408186e4bbccfd4996cb3dc -> 
  custom:container-muxer-webm: aa71ff27fc2769a1b78a27578f13a17b -> 
  custom:container-demuxer-webm: 4f35f7cbe854078d1ac9338744f61a02 -> 
  custom:video-encoder-webm-vp8: eb34c28f22e8b96e1ab97ce403110664 -> 
  custom:framework-osx-AVFoundation: b23960f63f64bdc6ff669e2cdcee2391 -> 
  custom:audio-encoder-webm-vorbis: bf7c407c2cedff20999df2af8eb42d56 -> 
  custom:container-demuxer-ogg: 62fdf1f143b41e24485cea50d1cbac27 -> 
  custom:video-decoder-webm-vp8: 9c59270c3fd7afecdb556c50c9e8de78 -> 
  custom:audio-decoder-ogg-vorbis: bf7c407c2cedff20999df2af8eb42d56 -> 
========================================================================
Received Prepare
Registering precompiled user dll's ...
Registered in 0.005444 seconds.
Begin MonoManager ReloadAssembly
Native extension for WindowsStandalone target not found
Native extension for OSXStandalone target not found
Native extension for WebGL target not found
Refreshing native plugins compatible for Editor in 1.31 ms, found 3 plugins.
Preloading 0 native plugins for Editor in 0.00 ms.
Mono: successfully reloaded assembly
- Completed reload, in  3.465 seconds
Domain Reload Profiling:
	ReloadAssembly (3467ms)
		BeginReloadAssembly (642ms)
			ExecutionOrderSort (0ms)
			DisableScriptedObjects (30ms)
			BackupInstance (0ms)
			ReleaseScriptingObjects (0ms)
			CreateAndSetChildDomain (166ms)
		EndReloadAssembly (2522ms)
			LoadAssemblies (557ms)
			RebuildTransferFunctionScriptingTraits (0ms)
			SetupTypeCache (625ms)
			ReleaseScriptCaches (3ms)
			RebuildScriptCaches (136ms)
			SetupLoadedEditorAssemblies (1045ms)
				LogAssemblyErrors (0ms)
				InitializePlatformSupportModulesInManaged (29ms)
				SetLoadedEditorAssemblies (1ms)
				RefreshPlugins (1ms)
				BeforeProcessingInitializeOnLoad (135ms)
				ProcessInitializeOnLoadAttributes (799ms)
				ProcessInitializeOnLoadMethodAttributes (76ms)
				AfterProcessingInitializeOnLoad (3ms)
				EditorAssembliesLoaded (0ms)
			ExecutionOrderSort2 (0ms)
			AwakeInstancesAfterBackupRestoration (15ms)
Platform modules already initialized, skipping
Refreshing native plugins compatible for Editor in 1.20 ms, found 3 plugins.
Preloading 0 native plugins for Editor in 0.00 ms.
Unloading 2316 Unused Serialized files (Serialized files now loaded: 0)
Unloading 22 unused Assets / (22.1 KB). Loaded Objects now: 2794.
Memory consumption went from 212.3 MB to 212.3 MB.
Total: 7.637747 ms (FindLiveObjects: 0.279538 ms CreateObjectMapping: 0.131355 ms MarkObjects: 7.156019 ms  DeleteObjects: 0.068596 ms)

AssetImportParameters requested are different than current active one (requested -> active):
  custom:video-decoder-ogg-theora: a1e56fd34408186e4bbccfd4996cb3dc -> 
  custom:container-muxer-webm: aa71ff27fc2769a1b78a27578f13a17b -> 
  custom:container-demuxer-webm: 4f35f7cbe854078d1ac9338744f61a02 -> 
  custom:video-encoder-webm-vp8: eb34c28f22e8b96e1ab97ce403110664 -> 
  custom:framework-osx-AVFoundation: b23960f63f64bdc6ff669e2cdcee2391 -> 
  custom:audio-encoder-webm-vorbis: bf7c407c2cedff20999df2af8eb42d56 -> 
  custom:container-demuxer-ogg: 62fdf1f143b41e24485cea50d1cbac27 -> 
  custom:video-decoder-webm-vp8: 9c59270c3fd7afecdb556c50c9e8de78 -> 
  custom:audio-decoder-ogg-vorbis: bf7c407c2cedff20999df2af8eb42d56 -> 
========================================================================
Received Import Request.
  Time since last request: 507.052890 seconds.
  path: Assets/Scenes/Level2.unity
  artifactKey: Guid(046a8a864831647a193723ea09470689) Importer(815301076,1909f56bfc062723c751e8b465ee728b)
Start importing Assets/Scenes/Level2.unity using Guid(046a8a864831647a193723ea09470689) Importer(815301076,1909f56bfc062723c751e8b465ee728b)  -> (artifact id: 'ee04a4c1719e3979aa4364db48686972') in 0.236483 seconds 
========================================================================
Received Import Request.
  Time since last request: 114.001988 seconds.
  path: Assets/Prefabs/Level2
  artifactKey: Guid(0ec6f070c72e34591bca5250b639f1a9) Importer(815301076,1909f56bfc062723c751e8b465ee728b)
Start importing Assets/Prefabs/Level2 using Guid(0ec6f070c72e34591bca5250b639f1a9) Importer(815301076,1909f56bfc062723c751e8b465ee728b)  -> (artifact id: '942f4850c2b041177c3032fa6de17795') in 0.008531 seconds 
========================================================================
Received Import Request.
  Time since last request: 0.000332 seconds.
  path: Assets/Prefabs/Level2/L2 Order.prefab
  artifactKey: Guid(e4d48e16cd7d04cff946c3f2b5787dd6) Importer(815301076,1909f56bfc062723c751e8b465ee728b)
Start importing Assets/Prefabs/Level2/L2 Order.prefab using Guid(e4d48e16cd7d04cff946c3f2b5787dd6) Importer(815301076,1909f56bfc062723c751e8b465ee728b)  -> (artifact id: '2b66202b354cea441e5c5343ec7edd79') in 0.840119 seconds 
========================================================================
Received Import Request.
  Time since last request: 0.000106 seconds.
  path: Assets/Prefabs/Level2/LV2 Customer.prefab
  artifactKey: Guid(2e3d503d560c14e57a9945fad57d8aa7) Importer(815301076,1909f56bfc062723c751e8b465ee728b)
Start importing Assets/Prefabs/Level2/LV2 Customer.prefab using Guid(2e3d503d560c14e57a9945fad57d8aa7) Importer(815301076,1909f56bfc062723c751e8b465ee728b)  -> (artifact id: 'b613f2597265fc2ec0d462eb9ad484fa') in 0.063794 seconds 
========================================================================
Received Import Request.
  Time since last request: 36.152289 seconds.
  path: Assets/Scenes/Level1.unity
  artifactKey: Guid(724b57b870794446d94814f3f447fc9d) Importer(815301076,1909f56bfc062723c751e8b465ee728b)
Start importing Assets/Scenes/Level1.unity using Guid(724b57b870794446d94814f3f447fc9d) Importer(815301076,1909f56bfc062723c751e8b465ee728b)  -> (artifact id: '3d70a8a3ca766d2f3de67138561b5868') in 0.003499 seconds 
========================================================================
Received Import Request.
  Time since last request: 6.522974 seconds.
  path: Assets/Scenes/Level2.unity
  artifactKey: Guid(046a8a864831647a193723ea09470689) Importer(815301076,1909f56bfc062723c751e8b465ee728b)
Start importing Assets/Scenes/Level2.unity using Guid(046a8a864831647a193723ea09470689) Importer(815301076,1909f56bfc062723c751e8b465ee728b)  -> (artifact id: '8c2309f4367ef4fada6300a44ff29095') in 0.005456 seconds 
========================================================================
Received Import Request.
  Time since last request: 346.867745 seconds.
  path: Assets/Scenes/Level4.unity
  artifactKey: Guid(411b20876b7834e3ba1c287ceacc55f4) Importer(815301076,1909f56bfc062723c751e8b465ee728b)
Start importing Assets/Scenes/Level4.unity using Guid(411b20876b7834e3ba1c287ceacc55f4) Importer(815301076,1909f56bfc062723c751e8b465ee728b)  -> (artifact id: 'dfd918b569285396f6990abb4a5aea2e') in 0.017469 seconds 
========================================================================
Received Import Request.
  Time since last request: 169.212337 seconds.
  path: Assets/Scenes/Level3.unity
  artifactKey: Guid(156f5678767694f35a737d921e06d56a) Importer(815301076,1909f56bfc062723c751e8b465ee728b)
Start importing Assets/Scenes/Level3.unity using Guid(156f5678767694f35a737d921e06d56a) Importer(815301076,1909f56bfc062723c751e8b465ee728b)  -> (artifact id: 'd146cceb8aae21cf6ca82eff80139d02') in 0.009681 seconds 
========================================================================
Received Import Request.
  Time since last request: 10.438184 seconds.
  path: Assets/Scenes/Level4.unity
  artifactKey: Guid(411b20876b7834e3ba1c287ceacc55f4) Importer(815301076,1909f56bfc062723c751e8b465ee728b)
Start importing Assets/Scenes/Level4.unity using Guid(411b20876b7834e3ba1c287ceacc55f4) Importer(815301076,1909f56bfc062723c751e8b465ee728b)  -> (artifact id: '1f4fe687ab59e588e8d8a08f99b7b934') in 0.006421 seconds 
========================================================================
Received Import Request.
  Time since last request: 63.823163 seconds.
  path: Assets/Scenes/Level4.unity
  artifactKey: Guid(411b20876b7834e3ba1c287ceacc55f4) Importer(815301076,1909f56bfc062723c751e8b465ee728b)
Start importing Assets/Scenes/Level4.unity using Guid(411b20876b7834e3ba1c287ceacc55f4) Importer(815301076,1909f56bfc062723c751e8b465ee728b)  -> (artifact id: '7b26b056088737bed11626d79ff2e0e3') in 0.005661 seconds 
========================================================================
Received Import Request.
  Time since last request: 21.957550 seconds.
  path: Assets/Scenes/Level4.unity
  artifactKey: Guid(411b20876b7834e3ba1c287ceacc55f4) Importer(815301076,1909f56bfc062723c751e8b465ee728b)
Start importing Assets/Scenes/Level4.unity using Guid(411b20876b7834e3ba1c287ceacc55f4) Importer(815301076,1909f56bfc062723c751e8b465ee728b)  -> (artifact id: '6850456ee4bc826783d66f3a8b5e807e') in 0.002929 seconds 
========================================================================
Received Import Request.
  Time since last request: 20.827800 seconds.
  path: Assets/Scenes/Level4.unity
  artifactKey: Guid(411b20876b7834e3ba1c287ceacc55f4) Importer(815301076,1909f56bfc062723c751e8b465ee728b)
Start importing Assets/Scenes/Level4.unity using Guid(411b20876b7834e3ba1c287ceacc55f4) Importer(815301076,1909f56bfc062723c751e8b465ee728b)  -> (artifact id: 'c8064e503fb7361fd7e4ca8d3b0f8dd4') in 0.002725 seconds 
========================================================================
Received Import Request.
  Time since last request: 39.348615 seconds.
  path: Assets/Scenes/Level4.unity
  artifactKey: Guid(411b20876b7834e3ba1c287ceacc55f4) Importer(815301076,1909f56bfc062723c751e8b465ee728b)
Start importing Assets/Scenes/Level4.unity using Guid(411b20876b7834e3ba1c287ceacc55f4) Importer(815301076,1909f56bfc062723c751e8b465ee728b)  -> (artifact id: 'c7e44f95d64b3f248cc25cc9cde3bee6') in 0.007020 seconds 
========================================================================
Received Import Request.
  Time since last request: 32.233015 seconds.
  path: Assets/Scenes/Level4.unity
  artifactKey: Guid(411b20876b7834e3ba1c287ceacc55f4) Importer(815301076,1909f56bfc062723c751e8b465ee728b)
Start importing Assets/Scenes/Level4.unity using Guid(411b20876b7834e3ba1c287ceacc55f4) Importer(815301076,1909f56bfc062723c751e8b465ee728b)  -> (artifact id: '5609ab298fd29e4ed4f20b1b016f267b') in 0.004810 seconds 
========================================================================
Received Import Request.
  Time since last request: 62.594012 seconds.
  path: Assets/Scenes/Level4.unity
  artifactKey: Guid(411b20876b7834e3ba1c287ceacc55f4) Importer(815301076,1909f56bfc062723c751e8b465ee728b)
Start importing Assets/Scenes/Level4.unity using Guid(411b20876b7834e3ba1c287ceacc55f4) Importer(815301076,1909f56bfc062723c751e8b465ee728b)  -> (artifact id: '02712f9bd170f5c5bc6f6df184cba086') in 0.004273 seconds 
========================================================================
Received Import Request.
  Time since last request: 67.279101 seconds.
  path: Assets/Scenes/Level5.unity
  artifactKey: Guid(9059cc9a5255243b9b37b03cd6098710) Importer(815301076,1909f56bfc062723c751e8b465ee728b)
Start importing Assets/Scenes/Level5.unity using Guid(9059cc9a5255243b9b37b03cd6098710) Importer(815301076,1909f56bfc062723c751e8b465ee728b)  -> (artifact id: 'b238a4986520c88fef9ec618fbe94da9') in 0.007165 seconds 
========================================================================
Received Import Request.
  Time since last request: 86.594351 seconds.
  path: Assets/Scenes/Level5.unity
  artifactKey: Guid(9059cc9a5255243b9b37b03cd6098710) Importer(815301076,1909f56bfc062723c751e8b465ee728b)
Start importing Assets/Scenes/Level5.unity using Guid(9059cc9a5255243b9b37b03cd6098710) Importer(815301076,1909f56bfc062723c751e8b465ee728b)  -> (artifact id: '32bb64c541a5b064bc5e61590e6cca4b') in 0.007539 seconds 
========================================================================
Received Import Request.
  Time since last request: 70.081136 seconds.
  path: Assets/Scenes/Level5.unity
  artifactKey: Guid(9059cc9a5255243b9b37b03cd6098710) Importer(815301076,1909f56bfc062723c751e8b465ee728b)
Start importing Assets/Scenes/Level5.unity using Guid(9059cc9a5255243b9b37b03cd6098710) Importer(815301076,1909f56bfc062723c751e8b465ee728b)  -> (artifact id: 'e32bb87f63a5b8afee5f4fe9b724615b') in 0.004676 seconds 
========================================================================
Received Import Request.
  Time since last request: 30.830788 seconds.
  path: Assets/Scenes/Level5.unity
  artifactKey: Guid(9059cc9a5255243b9b37b03cd6098710) Importer(815301076,1909f56bfc062723c751e8b465ee728b)
Start importing Assets/Scenes/Level5.unity using Guid(9059cc9a5255243b9b37b03cd6098710) Importer(815301076,1909f56bfc062723c751e8b465ee728b)  -> (artifact id: '7dfe7faf8b29ad17d12fe10f53d0a75c') in 0.005825 seconds 
========================================================================
Received Import Request.
  Time since last request: 20.916031 seconds.
  path: Assets/Scenes/Level5.unity
  artifactKey: Guid(9059cc9a5255243b9b37b03cd6098710) Importer(815301076,1909f56bfc062723c751e8b465ee728b)
Start importing Assets/Scenes/Level5.unity using Guid(9059cc9a5255243b9b37b03cd6098710) Importer(815301076,1909f56bfc062723c751e8b465ee728b)  -> (artifact id: '74227764027ee17410cedb162d6411e4') in 0.002279 seconds 
========================================================================
Received Import Request.
  Time since last request: 19.962581 seconds.
  path: Assets/Scenes/Level5.unity
  artifactKey: Guid(9059cc9a5255243b9b37b03cd6098710) Importer(815301076,1909f56bfc062723c751e8b465ee728b)
Start importing Assets/Scenes/Level5.unity using Guid(9059cc9a5255243b9b37b03cd6098710) Importer(815301076,1909f56bfc062723c751e8b465ee728b)  -> (artifact id: '7997a995102fc5475c7778270403a2f1') in 0.003798 seconds 
========================================================================
Received Import Request.
  Time since last request: 35.451973 seconds.
  path: Assets/Scenes/Level5.unity
  artifactKey: Guid(9059cc9a5255243b9b37b03cd6098710) Importer(815301076,1909f56bfc062723c751e8b465ee728b)
Start importing Assets/Scenes/Level5.unity using Guid(9059cc9a5255243b9b37b03cd6098710) Importer(815301076,1909f56bfc062723c751e8b465ee728b)  -> (artifact id: '5cc7aaa12809690adcafb5fc0f7f3964') in 0.005668 seconds 
========================================================================
Received Import Request.
  Time since last request: 52.840837 seconds.
  path: Assets/Scenes/Level5.unity
  artifactKey: Guid(9059cc9a5255243b9b37b03cd6098710) Importer(815301076,1909f56bfc062723c751e8b465ee728b)
Start importing Assets/Scenes/Level5.unity using Guid(9059cc9a5255243b9b37b03cd6098710) Importer(815301076,1909f56bfc062723c751e8b465ee728b)  -> (artifact id: '6fb2356380354fc0dafb8ecd4cf7855c') in 0.002966 seconds 
========================================================================
Received Import Request.
  Time since last request: 60.380534 seconds.
  path: Assets/Scenes/Level2.unity
  artifactKey: Guid(046a8a864831647a193723ea09470689) Importer(815301076,1909f56bfc062723c751e8b465ee728b)
Start importing Assets/Scenes/Level2.unity using Guid(046a8a864831647a193723ea09470689) Importer(815301076,1909f56bfc062723c751e8b465ee728b)  -> (artifact id: 'db3cafa8c922dd35e880b7984fcd1ed6') in 0.003315 seconds 
========================================================================
Received Import Request.
  Time since last request: 22.589824 seconds.
  path: Assets/Scenes/Level2.unity
  artifactKey: Guid(046a8a864831647a193723ea09470689) Importer(815301076,1909f56bfc062723c751e8b465ee728b)
Start importing Assets/Scenes/Level2.unity using Guid(046a8a864831647a193723ea09470689) Importer(815301076,1909f56bfc062723c751e8b465ee728b)  -> (artifact id: 'd5842196d639c1b8c6449ea838132020') in 0.005091 seconds 
========================================================================
Received Import Request.
  Time since last request: 33.388375 seconds.
  path: Assets/Scenes/Level2.unity
  artifactKey: Guid(046a8a864831647a193723ea09470689) Importer(815301076,1909f56bfc062723c751e8b465ee728b)
Start importing Assets/Scenes/Level2.unity using Guid(046a8a864831647a193723ea09470689) Importer(815301076,1909f56bfc062723c751e8b465ee728b)  -> (artifact id: '78ea2dffb7e0450055cf9e533b050378') in 0.005091 seconds 
========================================================================
Received Import Request.
  Time since last request: 11.512388 seconds.
  path: Assets/Scenes/Level1.unity
  artifactKey: Guid(724b57b870794446d94814f3f447fc9d) Importer(815301076,1909f56bfc062723c751e8b465ee728b)
Start importing Assets/Scenes/Level1.unity using Guid(724b57b870794446d94814f3f447fc9d) Importer(815301076,1909f56bfc062723c751e8b465ee728b)  -> (artifact id: '392351e594d9f5d08771e0f30639947d') in 0.003014 seconds 
========================================================================
Received Import Request.
  Time since last request: 35.937185 seconds.
  path: Assets/Scenes/Level1.unity
  artifactKey: Guid(724b57b870794446d94814f3f447fc9d) Importer(815301076,1909f56bfc062723c751e8b465ee728b)
Start importing Assets/Scenes/Level1.unity using Guid(724b57b870794446d94814f3f447fc9d) Importer(815301076,1909f56bfc062723c751e8b465ee728b)  -> (artifact id: '1489300685a9a706d44447f6b26497f5') in 0.006034 seconds 
========================================================================
Received Import Request.
  Time since last request: 20.104600 seconds.
  path: Assets/Scenes/Level2.unity
  artifactKey: Guid(046a8a864831647a193723ea09470689) Importer(815301076,1909f56bfc062723c751e8b465ee728b)
Start importing Assets/Scenes/Level2.unity using Guid(046a8a864831647a193723ea09470689) Importer(815301076,1909f56bfc062723c751e8b465ee728b)  -> (artifact id: 'a4c019d03b464bf422e26a890f1aaacc') in 0.002594 seconds 
========================================================================
Received Import Request.
  Time since last request: 16.697599 seconds.
  path: Assets/Scenes/Level4.unity
  artifactKey: Guid(411b20876b7834e3ba1c287ceacc55f4) Importer(815301076,1909f56bfc062723c751e8b465ee728b)
Start importing Assets/Scenes/Level4.unity using Guid(411b20876b7834e3ba1c287ceacc55f4) Importer(815301076,1909f56bfc062723c751e8b465ee728b)  -> (artifact id: '320015f09db364c5328f219044cacec7') in 0.003606 seconds 
========================================================================
Received Import Request.
  Time since last request: 28.958478 seconds.
  path: Assets/Scenes/Level5.unity
  artifactKey: Guid(9059cc9a5255243b9b37b03cd6098710) Importer(815301076,1909f56bfc062723c751e8b465ee728b)
Start importing Assets/Scenes/Level5.unity using Guid(9059cc9a5255243b9b37b03cd6098710) Importer(815301076,1909f56bfc062723c751e8b465ee728b)  -> (artifact id: '8c11750a947442a4eb3444cb1db29227') in 0.003097 seconds 
